<?xml version="1.0" encoding="UTF-8"?>
<!-- Generated by org.testng.reporters.JUnitReportReporter -->
<testsuite hostname="L-INE-2NMWM93" failures="0" tests="5" name="com.runner.Testrunner_DemoCyclos" time="64.486" errors="0" timestamp="2023-11-23T15:34:33 IST" skipped="0">
  <testcase classname="com.runner.Testrunner_DemoCyclos" name="runScenario" time="14.582"/>
  <testcase classname="com.runner.Testrunner_DemoCyclos" name="runScenario" time="9.583"/>
  <testcase classname="com.runner.Testrunner_DemoCyclos" name="runScenario" time="12.748"/>
  <testcase classname="com.runner.Testrunner_DemoCyclos" name="runScenario" time="11.595"/>
  <testcase classname="com.runner.Testrunner_DemoCyclos" name="runScenario" time="15.978"/>
</testsuite> <!-- com.runner.Testrunner_DemoCyclos -->
